21.03.26 15:27:12 : Starting deployment of ObjectScale
21.03.26 15:27:12 : ==============================================
21.03.26 15:27:12 : Locating kubectl...
21.03.26 15:27:12 : error unable to located kubectl in the PATH
21.03.26 15:27:19 : Starting deployment of ObjectScale
21.03.26 15:27:19 : ==============================================
21.03.26 15:27:19 : Locating kubectl...
21.03.26 15:27:21 : Client Version: v1.20.4
Server Version: v1.18.2-6+38ac483e736488
21.03.26 15:27:24 : ==============================================
21.03.26 15:27:24 : Adding the ObjectScale plugin for vSphere7
21.03.26 15:27:28 : In vSphere7 UI Navigate to Workload-Cluster > Supervisor Services > Services
21.03.26 15:27:28 : Select Dell EMC ObjectScale then Enable
21.03.26 15:29:27 : Starting deployment of ObjectScale
21.03.26 15:29:27 : ==============================================
21.03.26 15:29:27 : Locating kubectl...
21.03.26 15:29:28 : Client Version: v1.20.4
Server Version: v1.18.2-6+38ac483e736488
21.03.26 15:29:30 : ==============================================
21.03.26 15:29:30 : Adding the ObjectScale plugin for vSphere7
21.03.26 15:29:33 : In vSphere7 UI Navigate to Workload-Cluster > Supervisor Services > Services
21.03.26 15:29:33 : Select Dell EMC ObjectScale then Enable
